<?xml version="1.0" encoding="UTF-8"?>
<testng-results ignored="0" total="1" passed="1" failed="0" skipped="0">
  <reporter-output>
  </reporter-output>
  <suite started-at="2022-09-29T14:51:09 IST" name="Default suite" finished-at="2022-09-29T14:51:09 IST" duration-ms="135">
    <groups>
    </groups>
    <test started-at="2022-09-29T14:51:09 IST" name="Default test" finished-at="2022-09-29T14:51:09 IST" duration-ms="135">
      <class name="github.ReadDataFromcmdLine">
        <test-method signature="parameters1()[pri:0, instance:github.ReadDataFromcmdLine@2f217633]" started-at="2022-09-29T14:51:09 IST" name="parameters1" finished-at="2022-09-29T14:51:09 IST" duration-ms="24" status="PASS">
          <reporter-output>
          </reporter-output>
        </test-method> <!-- parameters1 -->
      </class> <!-- github.ReadDataFromcmdLine -->
    </test> <!-- Default test -->
  </suite> <!-- Default suite -->
</testng-results>
